app/build/intermediates/manifest_merge_blame_file/debug/processDebugMainManifest/manifest-merger-blame-debug-report.txt
1<?xml version="1.0" encoding="utf-8"?>
2<manifest xmlns:android="http://schemas.android.com/apk/res/android"
3    package="me.novavpn.vpn"
4    android:versionCode="4"
5    android:versionName="0.4.0" >
6
7    <uses-sdk
8        android:minSdkVersion="26"
9        android:targetSdkVersion="36" />
10
11    <uses-permission android:name="android.permission.INTERNET" />
11-->src/main/AndroidManifest.xml:3:5-67
11-->src/main/AndroidManifest.xml:3:22-64
12    <uses-permission android:name="android.permission.ACCESS_NETWORK_STATE" />
12-->src/main/AndroidManifest.xml:4:5-79
12-->src/main/AndroidManifest.xml:4:22-76
13    <uses-permission android:name="android.permission.POST_NOTIFICATIONS" />
13-->src/main/AndroidManifest.xml:5:5-77
13-->src/main/AndroidManifest.xml:5:22-74
14    <uses-permission android:name="android.permission.FOREGROUND_SERVICE" />
14-->src/main/AndroidManifest.xml:6:5-77
14-->src/main/AndroidManifest.xml:6:22-74
15    <uses-permission android:name="android.permission.FOREGROUND_SERVICE_SPECIAL_USE" />
15-->src/main/AndroidManifest.xml:7:5-89
15-->src/main/AndroidManifest.xml:7:22-86
16
17    <permission
17-->[androidx.core:core:1.17.0] AndroidManifest.xml:22:5-24:47
18        android:name="me.novavpn.vpn.DYNAMIC_RECEIVER_NOT_EXPORTED_PERMISSION"
18-->[androidx.core:core:1.17.0] AndroidManifest.xml:23:9-81
19        android:protectionLevel="signature" />
19-->[androidx.core:core:1.17.0] AndroidManifest.xml:24:9-44
20
21    <uses-permission android:name="me.novavpn.vpn.DYNAMIC_RECEIVER_NOT_EXPORTED_PERMISSION" />
21-->[androidx.core:core:1.17.0] AndroidManifest.xml:26:5-97
21-->[androidx.core:core:1.17.0] AndroidManifest.xml:26:22-94
22
23    <application
23-->src/main/AndroidManifest.xml:9:5-51:19
24        android:allowBackup="true"
24-->src/main/AndroidManifest.xml:10:9-35
25        android:appComponentFactory="androidx.core.app.CoreComponentFactory"
25-->[androidx.core:core:1.17.0] AndroidManifest.xml:28:18-86
26        android:debuggable="true"
27        android:extractNativeLibs="false"
28        android:icon="@mipmap/ic_launcher"
28-->src/main/AndroidManifest.xml:11:9-43
29        android:label="NovaVPN"
29-->src/main/AndroidManifest.xml:12:9-32
30        android:roundIcon="@mipmap/ic_launcher_round"
30-->src/main/AndroidManifest.xml:13:9-54
31        android:supportsRtl="true"
31-->src/main/AndroidManifest.xml:14:9-35
32        android:theme="@style/Theme.NovaVPN" >
32-->src/main/AndroidManifest.xml:15:9-45
33        <activity
33-->src/main/AndroidManifest.xml:16:9-30:20
34            android:name="me.novavpn.vpn.MainActivity"
34-->src/main/AndroidManifest.xml:17:13-41
35            android:exported="true"
35-->src/main/AndroidManifest.xml:18:13-36
36            android:theme="@style/Theme.NovaVPN.Starting" >
36-->src/main/AndroidManifest.xml:19:13-58
37            <intent-filter>
37-->src/main/AndroidManifest.xml:20:13-23:29
38                <action android:name="android.intent.action.MAIN" />
38-->src/main/AndroidManifest.xml:21:17-69
38-->src/main/AndroidManifest.xml:21:25-66
39
40                <category android:name="android.intent.category.LAUNCHER" />
40-->src/main/AndroidManifest.xml:22:17-77
40-->src/main/AndroidManifest.xml:22:27-74
41            </intent-filter>
42            <intent-filter android:autoVerify="false" >
42-->src/main/AndroidManifest.xml:24:13-29:29
42-->src/main/AndroidManifest.xml:24:28-54
43                <action android:name="android.intent.action.VIEW" />
43-->src/main/AndroidManifest.xml:25:17-69
43-->src/main/AndroidManifest.xml:25:25-66
44
45                <category android:name="android.intent.category.DEFAULT" />
45-->src/main/AndroidManifest.xml:26:17-76
45-->src/main/AndroidManifest.xml:26:27-73
46                <category android:name="android.intent.category.BROWSABLE" />
46-->src/main/AndroidManifest.xml:27:17-78
46-->src/main/AndroidManifest.xml:27:27-75
47
48                <data
48-->src/main/AndroidManifest.xml:28:17-80
49                    android:host="reset-password"
49-->src/main/AndroidManifest.xml:28:48-77
50                    android:scheme="novavpn" />
50-->src/main/AndroidManifest.xml:28:23-47
51            </intent-filter>
52        </activity>
53
54        <service
54-->src/main/AndroidManifest.xml:31:9-38:19
55            android:name="me.novavpn.vpn.engine.proxy.ProxyVpnService"
55-->src/main/AndroidManifest.xml:32:13-57
56            android:exported="false"
56-->src/main/AndroidManifest.xml:33:13-37
57            android:foregroundServiceType="specialUse"
57-->src/main/AndroidManifest.xml:34:13-55
58            android:permission="android.permission.BIND_VPN_SERVICE" >
58-->src/main/AndroidManifest.xml:35:13-69
59            <intent-filter>
59-->src/main/AndroidManifest.xml:36:13-92
60                <action android:name="android.net.VpnService" />
60-->src/main/AndroidManifest.xml:36:28-76
60-->src/main/AndroidManifest.xml:36:36-73
61            </intent-filter>
62
63            <property
63-->src/main/AndroidManifest.xml:37:13-147
64                android:name="android.app.PROPERTY_SPECIAL_USE_FGS_SUBTYPE"
64-->src/main/AndroidManifest.xml:37:23-82
65                android:value="SOCKS5 tun2socks tunnel initiated by the user" />
65-->src/main/AndroidManifest.xml:37:83-144
66        </service>
67        <service
67-->src/main/AndroidManifest.xml:39:9-50:19
68            android:name="me.novavpn.vpn.engine.EchoVpnService"
68-->src/main/AndroidManifest.xml:40:13-50
69            android:exported="false"
69-->src/main/AndroidManifest.xml:41:13-37
70            android:foregroundServiceType="specialUse"
70-->src/main/AndroidManifest.xml:42:13-55
71            android:permission="android.permission.BIND_VPN_SERVICE" >
71-->src/main/AndroidManifest.xml:43:13-69
72            <intent-filter>
72-->src/main/AndroidManifest.xml:36:13-92
73                <action android:name="android.net.VpnService" />
73-->src/main/AndroidManifest.xml:36:28-76
73-->src/main/AndroidManifest.xml:36:36-73
74            </intent-filter>
75
76            <property
76-->src/main/AndroidManifest.xml:37:13-147
77                android:name="android.app.PROPERTY_SPECIAL_USE_FGS_SUBTYPE"
77-->src/main/AndroidManifest.xml:37:23-82
78                android:value="Encrypted VPN tunnel initiated by the signed-in user" />
78-->src/main/AndroidManifest.xml:37:83-144
79        </service>
80
81        <activity
81-->[androidx.compose.ui:ui-tooling-android:1.9.0] AndroidManifest.xml:23:9-25:39
82            android:name="androidx.compose.ui.tooling.PreviewActivity"
82-->[androidx.compose.ui:ui-tooling-android:1.9.0] AndroidManifest.xml:24:13-71
83            android:exported="true" />
83-->[androidx.compose.ui:ui-tooling-android:1.9.0] AndroidManifest.xml:25:13-36
84        <activity
84-->[androidx.compose.ui:ui-test-manifest:1.9.0] AndroidManifest.xml:23:9-26:79
85            android:name="androidx.activity.ComponentActivity"
85-->[androidx.compose.ui:ui-test-manifest:1.9.0] AndroidManifest.xml:24:13-63
86            android:exported="true"
86-->[androidx.compose.ui:ui-test-manifest:1.9.0] AndroidManifest.xml:25:13-36
87            android:theme="@android:style/Theme.Material.Light.NoActionBar" />
87-->[androidx.compose.ui:ui-test-manifest:1.9.0] AndroidManifest.xml:26:13-76
88
89        <provider
89-->[androidx.emoji2:emoji2:1.4.0] AndroidManifest.xml:24:9-32:20
90            android:name="androidx.startup.InitializationProvider"
90-->[androidx.emoji2:emoji2:1.4.0] AndroidManifest.xml:25:13-67
91            android:authorities="me.novavpn.vpn.androidx-startup"
91-->[androidx.emoji2:emoji2:1.4.0] AndroidManifest.xml:26:13-68
92            android:exported="false" >
92-->[androidx.emoji2:emoji2:1.4.0] AndroidManifest.xml:27:13-37
93            <meta-data
93-->[androidx.emoji2:emoji2:1.4.0] AndroidManifest.xml:29:13-31:52
94                android:name="androidx.emoji2.text.EmojiCompatInitializer"
94-->[androidx.emoji2:emoji2:1.4.0] AndroidManifest.xml:30:17-75
95                android:value="androidx.startup" />
95-->[androidx.emoji2:emoji2:1.4.0] AndroidManifest.xml:31:17-49
96            <meta-data
96-->[androidx.lifecycle:lifecycle-process:2.9.2] AndroidManifest.xml:29:13-31:52
97                android:name="androidx.lifecycle.ProcessLifecycleInitializer"
97-->[androidx.lifecycle:lifecycle-process:2.9.2] AndroidManifest.xml:30:17-78
98                android:value="androidx.startup" />
98-->[androidx.lifecycle:lifecycle-process:2.9.2] AndroidManifest.xml:31:17-49
99            <meta-data
99-->[androidx.profileinstaller:profileinstaller:1.4.0] AndroidManifest.xml:29:13-31:52
100                android:name="androidx.profileinstaller.ProfileInstallerInitializer"
100-->[androidx.profileinstaller:profileinstaller:1.4.0] AndroidManifest.xml:30:17-85
101                android:value="androidx.startup" />
101-->[androidx.profileinstaller:profileinstaller:1.4.0] AndroidManifest.xml:31:17-49
102        </provider>
103
104        <service
104-->[com.wireguard.android:tunnel:1.0.20260102] AndroidManifest.xml:12:9-19:19
105            android:name="com.wireguard.android.backend.GoBackend$VpnService"
105-->[com.wireguard.android:tunnel:1.0.20260102] AndroidManifest.xml:13:13-78
106            android:exported="false"
106-->[com.wireguard.android:tunnel:1.0.20260102] AndroidManifest.xml:14:13-37
107            android:permission="android.permission.BIND_VPN_SERVICE" >
107-->[com.wireguard.android:tunnel:1.0.20260102] AndroidManifest.xml:15:13-69
108            <intent-filter>
108-->src/main/AndroidManifest.xml:36:13-92
109                <action android:name="android.net.VpnService" />
109-->src/main/AndroidManifest.xml:36:28-76
109-->src/main/AndroidManifest.xml:36:36-73
110            </intent-filter>
111        </service>
112
113        <receiver
113-->[androidx.profileinstaller:profileinstaller:1.4.0] AndroidManifest.xml:34:9-52:20
114            android:name="androidx.profileinstaller.ProfileInstallReceiver"
114-->[androidx.profileinstaller:profileinstaller:1.4.0] AndroidManifest.xml:35:13-76
115            android:directBootAware="false"
115-->[androidx.profileinstaller:profileinstaller:1.4.0] AndroidManifest.xml:36:13-44
116            android:enabled="true"
116-->[androidx.profileinstaller:profileinstaller:1.4.0] AndroidManifest.xml:37:13-35
117            android:exported="true"
117-->[androidx.profileinstaller:profileinstaller:1.4.0] AndroidManifest.xml:38:13-36
118            android:permission="android.permission.DUMP" >
118-->[androidx.profileinstaller:profileinstaller:1.4.0] AndroidManifest.xml:39:13-57
119            <intent-filter>
119-->[androidx.profileinstaller:profileinstaller:1.4.0] AndroidManifest.xml:40:13-42:29
120                <action android:name="androidx.profileinstaller.action.INSTALL_PROFILE" />
120-->[androidx.profileinstaller:profileinstaller:1.4.0] AndroidManifest.xml:41:17-91
120-->[androidx.profileinstaller:profileinstaller:1.4.0] AndroidManifest.xml:41:25-88
121            </intent-filter>
122            <intent-filter>
122-->[androidx.profileinstaller:profileinstaller:1.4.0] AndroidManifest.xml:43:13-45:29
123                <action android:name="androidx.profileinstaller.action.SKIP_FILE" />
123-->[androidx.profileinstaller:profileinstaller:1.4.0] AndroidManifest.xml:44:17-85
123-->[androidx.profileinstaller:profileinstaller:1.4.0] AndroidManifest.xml:44:25-82
124            </intent-filter>
125            <intent-filter>
125-->[androidx.profileinstaller:profileinstaller:1.4.0] AndroidManifest.xml:46:13-48:29
126                <action android:name="androidx.profileinstaller.action.SAVE_PROFILE" />
126-->[androidx.profileinstaller:profileinstaller:1.4.0] AndroidManifest.xml:47:17-88
126-->[androidx.profileinstaller:profileinstaller:1.4.0] AndroidManifest.xml:47:25-85
127            </intent-filter>
128            <intent-filter>
128-->[androidx.profileinstaller:profileinstaller:1.4.0] AndroidManifest.xml:49:13-51:29
129                <action android:name="androidx.profileinstaller.action.BENCHMARK_OPERATION" />
129-->[androidx.profileinstaller:profileinstaller:1.4.0] AndroidManifest.xml:50:17-95
129-->[androidx.profileinstaller:profileinstaller:1.4.0] AndroidManifest.xml:50:25-92
130            </intent-filter>
131        </receiver>
132    </application>
133
134</manifest>